<?xml version="1.0" encoding="UTF-8"?>
<!-- Generated by org.testng.reporters.JUnitXMLReporter -->
<testsuite hostname="Dika" ignored="0" name="Default test" tests="14" failures="0" timestamp="27 Jul 2019 07:18:54 GMT" time="220.084" errors="0">
  <testcase name="Title" time="0.375" classname="com.seleniumtestngtest.mainClass"/>
  <testcase name="cekLoginTrue" time="2.29" classname="com.seleniumtestngtest.mainClass"/>
  <testcase name="cekLogout" time="3.015" classname="com.seleniumtestngtest.mainClass"/>
  <testcase name="cekLoginFailed" time="2.468" classname="com.seleniumtestngtest.mainClass"/>
  <testcase name="cekFormLogin" time="3.357" classname="com.seleniumtestngtest.mainClass"/>
  <testcase name="cekMenuDataKasir_CURD" time="5.212" classname="com.seleniumtestngtest.mainClass"/>
  <testcase name="cekFormDataKasir" time="6.932" classname="com.seleniumtestngtest.mainClass"/>
  <testcase name="cekMenuDataKategori_CURD" time="5.373" classname="com.seleniumtestngtest.mainClass"/>
  <testcase name="cekFormDataKategori" time="6.938" classname="com.seleniumtestngtest.mainClass"/>
  <testcase name="cekMenuDataSuplayer_CURD" time="7.062" classname="com.seleniumtestngtest.mainClass"/>
  <testcase name="cekFormDataSuplayer" time="7.216" classname="com.seleniumtestngtest.mainClass"/>
  <testcase name="cekMenuDataBarang_CURD" time="10.282" classname="com.seleniumtestngtest.mainClass"/>
  <testcase name="cekFormDataBarang" time="29.158" classname="com.seleniumtestngtest.mainClass"/>
  <testcase name="cekTransaksiPembelian" time="16.258" classname="com.seleniumtestngtest.mainClass"/>
</testsuite> <!-- Default test -->
